<?xml version="1.0" encoding="UTF-8"?>
<testsuite name="com.example.helloworld.HelloworldApplicationTests" tests="1" skipped="0" failures="0" errors="0" timestamp="2021-10-11T00:16:19" hostname="M0142.local" time="0.358">
  <properties/>
  <testcase name="contextLoads()" classname="com.example.helloworld.HelloworldApplicationTests" time="0.358"/>
  <system-out><![CDATA[09:16:17.757 [Test worker] DEBUG org.springframework.test.context.BootstrapUtils - Instantiating CacheAwareContextLoaderDelegate from class [org.springframework.test.context.cache.DefaultCacheAwareContextLoaderDelegate]
09:16:17.770 [Test worker] DEBUG org.springframework.test.context.BootstrapUtils - Instantiating BootstrapContext using constructor [public org.springframework.test.context.support.DefaultBootstrapContext(java.lang.Class,org.springframework.test.context.CacheAwareContextLoaderDelegate)]
09:16:17.799 [Test worker] DEBUG org.springframework.test.context.BootstrapUtils - Instantiating TestContextBootstrapper for test class [com.example.helloworld.HelloworldApplicationTests] from class [org.springframework.boot.test.context.SpringBootTestContextBootstrapper]
09:16:17.811 [Test worker] INFO org.springframework.boot.test.context.SpringBootTestContextBootstrapper - Neither @ContextConfiguration nor @ContextHierarchy found for test class [com.example.helloworld.HelloworldApplicationTests], using SpringBootContextLoader
09:16:17.813 [Test worker] DEBUG org.springframework.test.context.support.AbstractContextLoader - Did not detect default resource location for test class [com.example.helloworld.HelloworldApplicationTests]: class path resource [com/example/helloworld/HelloworldApplicationTests-context.xml] does not exist
09:16:17.814 [Test worker] DEBUG org.springframework.test.context.support.AbstractContextLoader - Did not detect default resource location for test class [com.example.helloworld.HelloworldApplicationTests]: class path resource [com/example/helloworld/HelloworldApplicationTestsContext.groovy] does not exist
09:16:17.815 [Test worker] INFO org.springframework.test.context.support.AbstractContextLoader - Could not detect default resource locations for test class [com.example.helloworld.HelloworldApplicationTests]: no resource found for suffixes {-context.xml, Context.groovy}.
09:16:17.816 [Test worker] INFO org.springframework.test.context.support.AnnotationConfigContextLoaderUtils - Could not detect default configuration classes for test class [com.example.helloworld.HelloworldApplicationTests]: HelloworldApplicationTests does not declare any static, non-private, non-final, nested classes annotated with @Configuration.
09:16:17.867 [Test worker] DEBUG org.springframework.test.context.support.ActiveProfilesUtils - Could not find an 'annotation declaring class' for annotation type [org.springframework.test.context.ActiveProfiles] and class [com.example.helloworld.HelloworldApplicationTests]
09:16:17.920 [Test worker] DEBUG org.springframework.context.annotation.ClassPathScanningCandidateComponentProvider - Identified candidate component class: file [/Users/abi01518/work/cypher/build/classes/kotlin/main/com/example/helloworld/HelloworldApplication.class]
09:16:17.931 [Test worker] INFO org.springframework.boot.test.context.SpringBootTestContextBootstrapper - Found @SpringBootConfiguration com.example.helloworld.HelloworldApplication for test class com.example.helloworld.HelloworldApplicationTests
09:16:17.994 [Test worker] DEBUG org.springframework.boot.test.context.SpringBootTestContextBootstrapper - @TestExecutionListeners is not present for class [com.example.helloworld.HelloworldApplicationTests]: using defaults.
09:16:17.995 [Test worker] INFO org.springframework.boot.test.context.SpringBootTestContextBootstrapper - Loaded default TestExecutionListener class names from location [META-INF/spring.factories]: [org.springframework.boot.test.autoconfigure.restdocs.RestDocsTestExecutionListener, org.springframework.boot.test.autoconfigure.web.client.MockRestServiceServerResetTestExecutionListener, org.springframework.boot.test.autoconfigure.web.servlet.MockMvcPrintOnlyOnFailureTestExecutionListener, org.springframework.boot.test.autoconfigure.web.servlet.WebDriverTestExecutionListener, org.springframework.boot.test.autoconfigure.webservices.client.MockWebServiceServerTestExecutionListener, org.springframework.boot.test.mock.mockito.MockitoTestExecutionListener, org.springframework.boot.test.mock.mockito.ResetMocksTestExecutionListener, org.springframework.test.context.web.ServletTestExecutionListener, org.springframework.test.context.support.DirtiesContextBeforeModesTestExecutionListener, org.springframework.test.context.event.ApplicationEventsTestExecutionListener, org.springframework.test.context.support.DependencyInjectionTestExecutionListener, org.springframework.test.context.support.DirtiesContextTestExecutionListener, org.springframework.test.context.transaction.TransactionalTestExecutionListener, org.springframework.test.context.jdbc.SqlScriptsTestExecutionListener, org.springframework.test.context.event.EventPublishingTestExecutionListener]
09:16:18.005 [Test worker] DEBUG org.springframework.boot.test.context.SpringBootTestContextBootstrapper - Skipping candidate TestExecutionListener [org.springframework.test.context.transaction.TransactionalTestExecutionListener] due to a missing dependency. Specify custom listener classes or make the default listener classes and their required dependencies available. Offending class: [org/springframework/transaction/interceptor/TransactionAttributeSource]
09:16:18.005 [Test worker] DEBUG org.springframework.boot.test.context.SpringBootTestContextBootstrapper - Skipping candidate TestExecutionListener [org.springframework.test.context.jdbc.SqlScriptsTestExecutionListener] due to a missing dependency. Specify custom listener classes or make the default listener classes and their required dependencies available. Offending class: [org/springframework/transaction/interceptor/TransactionAttribute]
09:16:18.006 [Test worker] INFO org.springframework.boot.test.context.SpringBootTestContextBootstrapper - Using TestExecutionListeners: [org.springframework.test.context.web.ServletTestExecutionListener@7c2b6087, org.springframework.test.context.support.DirtiesContextBeforeModesTestExecutionListener@3fffff43, org.springframework.test.context.event.ApplicationEventsTestExecutionListener@a8e6492, org.springframework.boot.test.mock.mockito.MockitoTestExecutionListener@1c7fd41f, org.springframework.boot.test.autoconfigure.SpringBootDependencyInjectionTestExecutionListener@3b77a04f, org.springframework.test.context.support.DirtiesContextTestExecutionListener@7b324585, org.springframework.test.context.event.EventPublishingTestExecutionListener@2e11485, org.springframework.boot.test.autoconfigure.restdocs.RestDocsTestExecutionListener@60dce7ea, org.springframework.boot.test.autoconfigure.web.client.MockRestServiceServerResetTestExecutionListener@662f5666, org.springframework.boot.test.autoconfigure.web.servlet.MockMvcPrintOnlyOnFailureTestExecutionListener@fd8294b, org.springframework.boot.test.autoconfigure.web.servlet.WebDriverTestExecutionListener@5974109, org.springframework.boot.test.autoconfigure.webservices.client.MockWebServiceServerTestExecutionListener@27305e6, org.springframework.boot.test.mock.mockito.ResetMocksTestExecutionListener@1ef3efa8]
09:16:18.009 [Test worker] DEBUG org.springframework.test.context.support.AbstractDirtiesContextTestExecutionListener - Before test class: context [DefaultTestContext@2fea7088 testClass = HelloworldApplicationTests, testInstance = [null], testMethod = [null], testException = [null], mergedContextConfiguration = [WebMergedContextConfiguration@40499e4f testClass = HelloworldApplicationTests, locations = '{}', classes = '{class com.example.helloworld.HelloworldApplication}', contextInitializerClasses = '[]', activeProfiles = '{}', propertySourceLocations = '{}', propertySourceProperties = '{org.springframework.boot.test.context.SpringBootTestContextBootstrapper=true}', contextCustomizers = set[org.springframework.boot.test.autoconfigure.actuate.metrics.MetricsExportContextCustomizerFactory$DisableMetricExportContextCustomizer@3081f72c, org.springframework.boot.test.autoconfigure.properties.PropertyMappingContextCustomizer@0, org.springframework.boot.test.autoconfigure.web.servlet.WebDriverContextCustomizerFactory$Customizer@37e4d7bb, org.springframework.boot.test.context.filter.ExcludeFilterContextCustomizer@63611043, org.springframework.boot.test.json.DuplicateJsonObjectContextCustomizerFactory$DuplicateJsonObjectContextCustomizer@73302995, org.springframework.boot.test.mock.mockito.MockitoContextCustomizer@0, org.springframework.boot.test.web.client.TestRestTemplateContextCustomizer@73d983ea, org.springframework.boot.test.context.SpringBootTestArgs@1, org.springframework.boot.test.context.SpringBootTestWebEnvironment@17f7cd29], resourceBasePath = 'src/main/webapp', contextLoader = 'org.springframework.boot.test.context.SpringBootContextLoader', parent = [null]], attributes = map['org.springframework.test.context.web.ServletTestExecutionListener.activateListener' -> true]], class annotated with @DirtiesContext [false] with mode [null].
09:16:18.039 [Test worker] DEBUG org.springframework.test.context.support.TestPropertySourceUtils - Adding inlined properties to environment: {spring.jmx.enabled=false, org.springframework.boot.test.context.SpringBootTestContextBootstrapper=true}

  .   ____          _            __ _ _
 /\\ / ___'_ __ _ _(_)_ __  __ _ \ \ \ \
( ( )\___ | '_ | '_| | '_ \/ _` | \ \ \ \
 \\/  ___)| |_)| | | | | || (_| |  ) ) ) )
  '  |____| .__|_| |_|_| |_\__, | / / / /
 =========|_|==============|___/=/_/_/_/
 :: Spring Boot ::                (v2.5.5)

2021-10-11 09:16:18.231  INFO 35127 --- [    Test worker] c.e.h.HelloworldApplicationTests         : Starting HelloworldApplicationTests using Java 15.0.1 on M0142.local with PID 35127 (started by abi01518 in /Users/abi01518/work/cypher)
2021-10-11 09:16:18.233  INFO 35127 --- [    Test worker] c.e.h.HelloworldApplicationTests         : No active profile set, falling back to default profiles: default
2021-10-11 09:16:19.293  INFO 35127 --- [    Test worker] c.e.h.HelloworldApplicationTests         : Started HelloworldApplicationTests in 1.248 seconds (JVM running for 2.302)
]]></system-out>
  <system-err><![CDATA[]]></system-err>
</testsuite>
